5.5736 	WARNING 	We strongly recommend you activate the PTB sound engine in PsychoPy prefs as the preferred audio engine. Its timing is vastly superior. Your prefs are currently set to use ['sounddevice', 'PTB', 'pyo', 'pygame'] (in that order).
17.6928 	WARNING 	User requested fullscreen with size [1024  768], but screen is actually [1920, 1080]. Using actual size
19.0745 	EXP 	Created window1 = Window(allowGUI=True, allowStencil=False, autoLog=True, backendConf=UNKNOWN, bitsMode=UNKNOWN, blendMode='avg', bpc=(8, 8, 8), color=array([0, 0, 0]), colorSpace='rgb', depthBits=8, fullscr=<method-wrapper '__getattribute__' of attributeSetter object at 0x00000196862E05E0>, gamma=None, gammaErrorPolicy='raise', lms=UNKNOWN, monitor=<psychopy.monitors.calibTools.Monitor object at 0x00000196ACCDA940>, multiSample=False, name='window1', numSamples=2, pos=(0, 0), screen=0, size=array([1920, 1080]), stencilBits=0, stereo=False, units='height', useFBO=True, useRetina=False, viewOri=0.0, viewPos=None, viewScale=None, waitBlanking=True, winType='pyglet')
19.0757 	EXP 	window1: mouseVisible = True
19.0758 	EXP 	window1: mouseVisible = False
19.0759 	EXP 	window1: Attempting to measure frame rate of screen (0) ...
19.0759 	EXP 	window1: recordFrameIntervals = False
19.2399 	EXP 	window1: recordFrameIntervals = True
19.4235 	EXP 	Screen (0) actual frame rate measured at 60.06Hz
19.4236 	EXP 	window1: recordFrameIntervals = False
25.3469 	EXP 	Created text = TextStim(__class__=<class 'psychopy.visual.text.TextStim'>, alignHoriz=method-wrapper(...), alignText='center', alignVert=method-wrapper(...), anchorHoriz='center', anchorVert='center', antialias=True, autoDraw=False, autoLog=True, bold=False, color=array([1, 1, 1]), colorSpace='rgb', contrast=1.0, depth=0.0, flipHoriz=False, flipVert=False, font='Open Sans', fontFiles=[], height=0.05, italic=False, languageStyle='LTR', name='text', opacity=1.0, ori=0.0, pos=array([0., 0.]), rgb=UNKNOWN, text='', units='height', win=Window(...), wrapWidth=1)
25.3753 	EXP 	window1: mouseVisible = True
25.5932 	EXP 	Created slider = Slider(__class__=<class 'psychopy.visual.slider.Slider'>, autoDraw=False, autoLog=True, borderColor=None, color=None, colorSpace='rgb', depth=-1, fillColor=None, flip=False, font='Open Sans', granularity=0.0, labelColor=None, labelHeight=0.05, labelWrapWidth=None, labels=['Familiar', 'Unfamiliar'], lineColor=None, markerColor=None, name='slider', opacity=None, ori=0.0, pos=array([ 0. , -0.3]), readOnly=False, self=UNKNOWN, size=array([1. , 0.1]), startValue=None, style='rating', styleTweaks=[], ticks=array([1, 2, 3, 4, 5]), units='height', win=Window(...))
25.5946 	EXP 	Created text_2 = TextStim(__class__=<class 'psychopy.visual.text.TextStim'>, alignHoriz=method-wrapper(...), alignText='center', alignVert=method-wrapper(...), anchorHoriz='center', anchorVert='center', antialias=True, autoDraw=False, autoLog=True, bold=False, color=array([1, 1, 1]), colorSpace='rgb', contrast=1.0, depth=0.0, flipHoriz=False, flipVert=False, font='Open Sans', fontFiles=[], height=0.05, italic=False, languageStyle='LTR', name='text_2', opacity=1.0, ori=0.0, pos=array([0. , 0.3]), rgb=UNKNOWN, text='', units='height', win=Window(...), wrapWidth=1)
25.7282 	EXP 	Created text_3 = TextStim(__class__=<class 'psychopy.visual.text.TextStim'>, alignHoriz=method-wrapper(...), alignText='center', alignVert=method-wrapper(...), anchorHoriz='center', anchorVert='center', antialias=True, autoDraw=False, autoLog=True, bold=False, color=array([1, 1, 1]), colorSpace='rgb', contrast=1.0, depth=-2.0, flipHoriz=False, flipVert=False, font='Open Sans', fontFiles=[], height=0.05, italic=False, languageStyle='LTR', name='text_3', opacity=1.0, ori=0.0, pos=array([ 0. , -0.3]), rgb=UNKNOWN, text='Click to submit', units='height', win=Window(...), wrapWidth=1)
25.7284 	EXP 	window1: mouseVisible = True
25.7478 	EXP 	Imported study_words.xlsx as conditions, 5 conditions, 1 params
25.7513 	EXP 	Created sequence: random, trialTypes=5, nReps=1, seed=None
25.7518 	EXP 	New trial (rep=0, index=0): {'study_word': 'tiger'}
25.7972 	EXP 	slider: autoLog = True
25.7972 	EXP 	slider: markerPos = None
25.7972 	EXP 	slider: styleTweaks = []
25.7972 	EXP 	slider: styleTweaks = []
25.7972 	EXP 	slider: styleTweaks = []
25.7972 	EXP 	slider: styleTweaks = []
25.7972 	EXP 	slider: contrast = 1.0
25.7972 	EXP 	slider: autoLog = True
25.7972 	EXP 	textbox: autoLog = True
25.7972 	EXP 	text: height = 0.05
25.7972 	EXP 	text: height = 0.05
25.7972 	EXP 	text: height = 0.05
25.7972 	EXP 	text: text = 'tiger'
25.7972 	EXP 	slider: markerPos = None
25.7972 	EXP 	slider: markerPos = None
25.7972 	EXP 	text: autoDraw = True
25.7972 	EXP 	slider: autoDraw = True
27.4236 	DATA 	Mouse: Left button down, pos=(668,211)
27.4500 	EXP 	slider: markerPos = 1.9185185185185185
27.4665 	EXP 	slider: markerPos = 1.9185185185185185
27.4833 	EXP 	slider: markerPos = 1.9185185185185185
27.4999 	EXP 	slider: markerPos = 1.9185185185185185
27.5164 	EXP 	slider: markerPos = 1.9185185185185185
27.5333 	EXP 	slider: markerPos = 1.9185185185185185
27.5499 	EXP 	slider: markerPos = 1.9185185185185185
27.5663 	EXP 	slider: markerPos = 1.9185185185185185
27.5832 	EXP 	slider: markerPos = 1.9185185185185185
27.5998 	EXP 	slider: markerPos = 1.9185185185185185
27.6164 	EXP 	slider: markerPos = 1.9185185185185185
27.6332 	EXP 	slider: markerPos = 1.9185185185185185
27.6348 	DATA 	Mouse:  Left button up, pos=(668,211)
27.6498 	EXP 	slider: markerPos = 1.9185185185185185
27.6525 	EXP 	New trial (rep=0, index=1): {'study_word': 'book'}
27.6662 	EXP 	text: autoDraw = False
27.6662 	EXP 	slider: autoDraw = False
27.6662 	EXP 	text: height = 0.05
27.6662 	EXP 	text: height = 0.05
27.6662 	EXP 	text: height = 0.05
27.6662 	EXP 	text: text = 'book'
27.6662 	EXP 	slider: markerPos = None
27.6662 	EXP 	slider: markerPos = None
27.6662 	EXP 	text: autoDraw = True
27.6662 	EXP 	slider: autoDraw = True
28.8170 	DATA 	Mouse: Left button down, pos=(420,214)
28.8322 	EXP 	slider: markerPos = 1.0
28.8489 	EXP 	slider: markerPos = 1.0
28.8652 	EXP 	slider: markerPos = 1.0
28.8820 	EXP 	slider: markerPos = 1.0
28.8988 	EXP 	slider: markerPos = 1.0
28.9153 	EXP 	slider: markerPos = 1.0
28.9322 	EXP 	slider: markerPos = 1.0
28.9487 	EXP 	slider: markerPos = 1.0
28.9652 	EXP 	slider: markerPos = 1.0
28.9820 	EXP 	slider: markerPos = 1.0
28.9987 	EXP 	slider: markerPos = 1.0
29.0152 	EXP 	slider: markerPos = 1.0
29.0320 	EXP 	slider: markerPos = 1.0
29.0486 	EXP 	slider: markerPos = 1.0
29.0501 	DATA 	Mouse:  Left button up, pos=(420,214)
29.0651 	EXP 	slider: markerPos = 1.0
29.0670 	EXP 	New trial (rep=0, index=2): {'study_word': 'cushion'}
29.0831 	EXP 	text: autoDraw = False
29.0831 	EXP 	slider: autoDraw = False
29.0831 	EXP 	text: height = 0.05
29.0831 	EXP 	text: height = 0.05
29.0831 	EXP 	text: height = 0.05
29.0831 	EXP 	text: text = 'cushion'
29.0831 	EXP 	slider: markerPos = None
29.0831 	EXP 	slider: markerPos = None
29.0831 	EXP 	text: autoDraw = True
29.0831 	EXP 	slider: autoDraw = True
29.7554 	DATA 	Mouse: Left button down, pos=(420,214)
29.7813 	EXP 	slider: markerPos = 1.0
29.7980 	EXP 	slider: markerPos = 1.0
29.8146 	EXP 	slider: markerPos = 1.0
29.8313 	EXP 	slider: markerPos = 1.0
29.8480 	EXP 	slider: markerPos = 1.0
29.8645 	EXP 	slider: markerPos = 1.0
29.8813 	EXP 	slider: markerPos = 1.0
29.8979 	EXP 	slider: markerPos = 1.0
29.9146 	EXP 	slider: markerPos = 1.0
29.9313 	EXP 	slider: markerPos = 1.0
29.9480 	EXP 	slider: markerPos = 1.0
29.9646 	EXP 	slider: markerPos = 1.0
29.9662 	DATA 	Mouse:  Left button up, pos=(420,214)
29.9812 	EXP 	slider: markerPos = 1.0
29.9829 	EXP 	New trial (rep=0, index=3): {'study_word': 'piano'}
29.9979 	EXP 	text: autoDraw = False
29.9979 	EXP 	slider: autoDraw = False
29.9979 	EXP 	text: height = 0.05
29.9979 	EXP 	text: height = 0.05
29.9979 	EXP 	text: height = 0.05
29.9979 	EXP 	text: text = 'piano'
29.9979 	EXP 	slider: markerPos = None
29.9979 	EXP 	slider: markerPos = None
29.9979 	EXP 	text: autoDraw = True
29.9979 	EXP 	slider: autoDraw = True
31.1818 	DATA 	Mouse: Left button down, pos=(417,221)
31.1968 	EXP 	slider: markerPos = 0.9888888888888889
31.2134 	EXP 	slider: markerPos = 0.9888888888888889
31.2302 	EXP 	slider: markerPos = 0.9888888888888889
31.2470 	EXP 	slider: markerPos = 0.9888888888888889
31.2633 	EXP 	slider: markerPos = 0.9888888888888889
31.2801 	EXP 	slider: markerPos = 0.9888888888888889
31.2968 	EXP 	slider: markerPos = 0.9888888888888889
31.3133 	EXP 	slider: markerPos = 0.9888888888888889
31.3301 	EXP 	slider: markerPos = 0.9888888888888889
31.3467 	EXP 	slider: markerPos = 0.9888888888888889
31.3631 	EXP 	slider: markerPos = 0.9888888888888889
31.3801 	EXP 	slider: markerPos = 0.9888888888888889
31.3968 	EXP 	slider: markerPos = 0.9888888888888889
31.3983 	DATA 	Mouse:  Left button up, pos=(417,221)
31.4132 	EXP 	slider: markerPos = 1
31.4153 	EXP 	New trial (rep=0, index=4): {'study_word': 'vase'}
31.4300 	EXP 	text: autoDraw = False
31.4300 	EXP 	slider: autoDraw = False
31.4300 	EXP 	text: height = 0.05
31.4300 	EXP 	text: height = 0.05
31.4300 	EXP 	text: height = 0.05
31.4300 	EXP 	text: text = 'vase'
31.4300 	EXP 	slider: markerPos = None
31.4300 	EXP 	slider: markerPos = None
31.4300 	EXP 	text: autoDraw = True
31.4300 	EXP 	slider: autoDraw = True
32.6472 	DATA 	Mouse: Left button down, pos=(675,231)
32.6622 	EXP 	slider: markerPos = 1.9444444444444444
32.6790 	EXP 	slider: markerPos = 1.9444444444444444
32.6956 	EXP 	slider: markerPos = 1.9444444444444444
32.7122 	EXP 	slider: markerPos = 1.9444444444444444
32.7289 	EXP 	slider: markerPos = 1.9444444444444444
32.7456 	EXP 	slider: markerPos = 1.9444444444444444
32.7621 	EXP 	slider: markerPos = 1.9444444444444444
32.7790 	EXP 	slider: markerPos = 1.9444444444444444
32.7955 	EXP 	slider: markerPos = 1.9444444444444444
32.8120 	EXP 	slider: markerPos = 1.9444444444444444
32.8289 	EXP 	slider: markerPos = 1.9444444444444444
32.8455 	EXP 	slider: markerPos = 1.9444444444444444
32.8619 	EXP 	slider: markerPos = 1.9444444444444444
32.8634 	DATA 	Mouse:  Left button up, pos=(675,231)
32.8790 	EXP 	slider: markerPos = 1.9444444444444444
32.8878 	EXP 	Imported test_words.xlsx as conditions, 10 conditions, 1 params
32.8885 	EXP 	Created sequence: random, trialTypes=10, nReps=1, seed=None
32.8887 	EXP 	New trial (rep=0, index=0): {'test': '_oo_'}
32.8992 	EXP 	text: autoDraw = False
32.8992 	EXP 	slider: autoDraw = False
32.8992 	EXP 	text_2: height = 0.05
32.8992 	EXP 	text_2: height = 0.05
32.8992 	EXP 	text_2: height = 0.05
32.8992 	EXP 	text_2: text = '_oo_'
32.8992 	EXP 	text_2: autoDraw = True
32.8992 	EXP 	textbox: autoDraw = True
32.8992 	EXP 	text_3: autoDraw = True
34.2372 	DATA 	Keypress: b
34.5949 	DATA 	Keypress: o
34.7443 	DATA 	Keypress: o
34.8979 	DATA 	Keypress: k
35.9473 	DATA 	Mouse: Left button down, pos=(907,208)
35.9620 	EXP 	New trial (rep=0, index=1): {'test': '_ea_o_'}
35.9761 	EXP 	text_2: autoDraw = False
35.9761 	EXP 	textbox: autoDraw = False
35.9761 	EXP 	text_3: autoDraw = False
35.9761 	EXP 	text_2: height = 0.05
35.9761 	EXP 	text_2: height = 0.05
35.9761 	EXP 	text_2: height = 0.05
35.9761 	EXP 	text_2: text = '_ea_o_'
35.9761 	EXP 	text_2: autoDraw = True
35.9761 	EXP 	textbox: autoDraw = True
35.9761 	EXP 	text_3: autoDraw = True
36.1769 	DATA 	Mouse:  Left button up, pos=(907,208)
41.7256 	DATA 	Keypress: t
42.0549 	DATA 	Keypress: e
42.3046 	DATA 	Keypress: a
42.8211 	DATA 	Keypress: p
43.0380 	DATA 	Keypress: o
43.2039 	DATA 	Keypress: t
44.4199 	DATA 	Mouse: Left button down, pos=(1043,211)
44.4217 	EXP 	New trial (rep=0, index=2): {'test': '_p_a_d_'}
44.4359 	EXP 	text_2: autoDraw = False
44.4359 	EXP 	textbox: autoDraw = False
44.4359 	EXP 	text_3: autoDraw = False
44.4359 	EXP 	text_2: height = 0.05
44.4359 	EXP 	text_2: height = 0.05
44.4359 	EXP 	text_2: height = 0.05
44.4359 	EXP 	text_2: text = '_p_a_d_'
44.4359 	EXP 	text_2: autoDraw = True
44.4359 	EXP 	textbox: autoDraw = True
44.4359 	EXP 	text_3: autoDraw = True
44.6396 	DATA 	Mouse:  Left button up, pos=(1043,211)
54.4289 	EXP 	New trial (rep=0, index=3): {'test': '_o_s_'}
54.4442 	EXP 	text_2: autoDraw = False
54.4442 	EXP 	textbox: autoDraw = False
54.4442 	EXP 	text_3: autoDraw = False
54.4442 	EXP 	text_2: height = 0.05
54.4442 	EXP 	text_2: height = 0.05
54.4442 	EXP 	text_2: height = 0.05
54.4442 	EXP 	text_2: text = '_o_s_'
54.4442 	EXP 	text_2: autoDraw = True
54.4442 	EXP 	textbox: autoDraw = True
54.4442 	EXP 	text_3: autoDraw = True
59.5741 	DATA 	Keypress: c
60.5565 	DATA 	Keypress: backspace
61.3227 	DATA 	Keypress: c
61.8886 	DATA 	Keypress: backspace
63.1096 	DATA 	Keypress: p
63.4417 	DATA 	Keypress: o
63.6706 	DATA 	Keypress: space
64.1866 	DATA 	Keypress: backspace
64.3700 	DATA 	Keypress: backspace
64.4371 	EXP 	New trial (rep=0, index=4): {'test': '_ia_n_'}
64.4528 	EXP 	text_2: autoDraw = False
64.4528 	EXP 	textbox: autoDraw = False
64.4528 	EXP 	text_3: autoDraw = False
64.4528 	EXP 	text_2: height = 0.05
64.4528 	EXP 	text_2: height = 0.05
64.4528 	EXP 	text_2: height = 0.05
64.4528 	EXP 	text_2: text = '_ia_n_'
64.4528 	EXP 	text_2: autoDraw = True
64.4528 	EXP 	textbox: autoDraw = True
64.4528 	EXP 	text_3: autoDraw = True
64.5246 	DATA 	Keypress: backspace
65.5689 	DATA 	Keypress: p
65.8079 	DATA 	Keypress: i
65.9352 	DATA 	Keypress: a
66.0685 	DATA 	Keypress: n
66.2849 	DATA 	Keypress: o
67.4386 	DATA 	Mouse: Left button down, pos=(1028,223)
67.4526 	EXP 	New trial (rep=0, index=5): {'test': 't_g_r'}
67.4670 	EXP 	text_2: autoDraw = False
67.4670 	EXP 	textbox: autoDraw = False
67.4670 	EXP 	text_3: autoDraw = False
67.4670 	EXP 	text_2: height = 0.05
67.4670 	EXP 	text_2: height = 0.05
67.4670 	EXP 	text_2: height = 0.05
67.4670 	EXP 	text_2: text = 't_g_r'
67.4670 	EXP 	text_2: autoDraw = True
67.4670 	EXP 	textbox: autoDraw = True
67.4670 	EXP 	text_3: autoDraw = True
67.6715 	DATA 	Mouse:  Left button up, pos=(1028,223)
68.4877 	DATA 	Keypress: t
68.6167 	DATA 	Keypress: i
68.8704 	DATA 	Keypress: g
68.9163 	DATA 	Keypress: e
69.0495 	DATA 	Keypress: r
70.0030 	DATA 	Mouse: Left button down, pos=(1016,226)
70.0173 	EXP 	New trial (rep=0, index=6): {'test': 'o_a_n_e'}
70.0314 	EXP 	text_2: autoDraw = False
70.0314 	EXP 	textbox: autoDraw = False
70.0314 	EXP 	text_3: autoDraw = False
70.0314 	EXP 	text_2: height = 0.05
70.0314 	EXP 	text_2: height = 0.05
70.0314 	EXP 	text_2: height = 0.05
70.0314 	EXP 	text_2: text = 'o_a_n_e'
70.0314 	EXP 	text_2: autoDraw = True
70.0314 	EXP 	textbox: autoDraw = True
70.0314 	EXP 	text_3: autoDraw = True
70.2031 	DATA 	Mouse:  Left button up, pos=(1016,226)
72.7964 	DATA 	Keypress: o
72.8800 	DATA 	Keypress: r
73.1128 	DATA 	Keypress: a
73.2175 	DATA 	Keypress: n
73.3959 	DATA 	Keypress: g
73.4790 	DATA 	Keypress: e
74.6618 	DATA 	Mouse: Left button down, pos=(1057,209)
74.6638 	EXP 	New trial (rep=0, index=7): {'test': '_a_e'}
74.6777 	EXP 	text_2: autoDraw = False
74.6777 	EXP 	textbox: autoDraw = False
74.6777 	EXP 	text_3: autoDraw = False
74.6777 	EXP 	text_2: height = 0.05
74.6777 	EXP 	text_2: height = 0.05
74.6777 	EXP 	text_2: height = 0.05
74.6777 	EXP 	text_2: text = '_a_e'
74.6777 	EXP 	text_2: autoDraw = True
74.6777 	EXP 	textbox: autoDraw = True
74.6777 	EXP 	text_3: autoDraw = True
74.8985 	DATA 	Mouse:  Left button up, pos=(1056,209)
79.2578 	DATA 	Keypress: f
79.5450 	DATA 	Keypress: a
79.6574 	DATA 	Keypress: t
79.8073 	DATA 	Keypress: e
81.3394 	DATA 	Mouse: Left button down, pos=(1039,210)
81.3414 	EXP 	New trial (rep=0, index=8): {'test': 'c_s_h_o_n'}
81.3556 	EXP 	text_2: autoDraw = False
81.3556 	EXP 	textbox: autoDraw = False
81.3556 	EXP 	text_3: autoDraw = False
81.3556 	EXP 	text_2: height = 0.05
81.3556 	EXP 	text_2: height = 0.05
81.3556 	EXP 	text_2: height = 0.05
81.3556 	EXP 	text_2: text = 'c_s_h_o_n'
81.3556 	EXP 	text_2: autoDraw = True
81.3556 	EXP 	textbox: autoDraw = True
81.3556 	EXP 	text_3: autoDraw = True
81.5602 	DATA 	Mouse:  Left button up, pos=(1039,210)
82.2927 	DATA 	Keypress: c
82.4384 	DATA 	Keypress: u
82.5383 	DATA 	Keypress: s
82.6552 	DATA 	Keypress: h
82.8713 	DATA 	Keypress: i
83.0546 	DATA 	Keypress: o
83.2544 	DATA 	Keypress: n
84.7541 	DATA 	Mouse: Left button down, pos=(928,202)
84.7558 	EXP 	New trial (rep=0, index=9): {'test': 'c_m_r_'}
84.7696 	EXP 	text_2: autoDraw = False
84.7696 	EXP 	textbox: autoDraw = False
84.7696 	EXP 	text_3: autoDraw = False
84.7696 	EXP 	text_2: height = 0.05
84.7696 	EXP 	text_2: height = 0.05
84.7696 	EXP 	text_2: height = 0.05
84.7696 	EXP 	text_2: text = 'c_m_r_'
84.7696 	EXP 	text_2: autoDraw = True
84.7696 	EXP 	textbox: autoDraw = True
84.7696 	EXP 	text_3: autoDraw = True
84.9731 	DATA 	Mouse:  Left button up, pos=(928,202)
86.4682 	DATA 	Keypress: c
86.8016 	DATA 	Keypress: m
86.8349 	DATA 	Keypress: a
87.2845 	DATA 	Keypress: backspace
87.5343 	DATA 	Keypress: backspace
87.6842 	DATA 	Keypress: a
88.1706 	DATA 	Keypress: m
88.3338 	DATA 	Keypress: e
88.4501 	DATA 	Keypress: r
88.6500 	DATA 	Keypress: a
89.8325 	DATA 	Mouse: Left button down, pos=(989,172)
90.0530 	DATA 	Mouse:  Left button up, pos=(988,172)
90.6353 	DATA 	Mouse: Left button down, pos=(977,207)
90.6645 	EXP 	text_2: autoDraw = False
90.6645 	EXP 	textbox: autoDraw = False
90.6645 	EXP 	text_3: autoDraw = False
90.9660 	EXP 	window1: mouseVisible = True
